0	19:45:47.973	Compiling 'MACD Sample'
0	19:45:47.973	Compiling 'Moving Average'
0	19:45:50.349	Compiling 'Accelerator'
0	19:45:50.349	Compiling 'Accumulation'
0	19:45:50.349	Compiling 'Alligator'
0	19:45:50.349	Compiling 'ATR'
0	19:45:50.349	Compiling 'Awesome'
0	19:45:50.349	Compiling 'Bands'
0	19:45:50.349	Compiling 'Bears'
0	19:45:50.350	Compiling 'Bulls'
0	19:45:50.350	Compiling 'CCI'
0	19:45:50.350	Compiling 'Custom Moving Averages'
0	19:45:50.350	Compiling 'Heiken Ashi'
0	19:45:50.350	Compiling 'Ichimoku'
0	19:45:50.350	Compiling 'iExposure'
0	19:45:50.350	Compiling 'MACD'
0	19:45:50.350	Compiling 'Momentum'
0	19:45:50.350	Compiling 'OsMA'
0	19:45:50.350	Compiling 'Parabolic'
0	19:45:50.351	Compiling 'RSI'
0	19:45:50.351	Compiling 'Stochastic'
0	19:45:50.351	Compiling 'ZigZag'
0	19:45:50.351	Compiling 'SimplePanel'
0	19:45:58.900	Compiling 'PeriodConverter'
0	19:45:58.900	Compiling 'DLLSampleTester'
0	19:45:58.901	Compiling 'PipeClient'
0	19:45:58.901	Compiling 'PipeClientPure'
0	19:46:02.095	Compiling 'stdlib'
0	20:09:52.117	Expert DataDownloader [DJI30],H1: loaded successfully
0	20:09:54.111	Expert DataDownloader [DJI30],H1: removed
0	20:09:55.858	Expert DataDownloader [DJI30],H1: loaded successfully
0	20:09:59.904	Expert DataDownloader [DJI30],H1: removed
0	21:52:02.735	Compiling 'R01 STCH EMA'
0	21:52:03.903	Compiling 'Tutorial BB'
0	21:52:05.146	Compiling 'WT-01-D-S-Ema'
0	21:52:06.608	Compiling 'WT-02-LAG-MMI'
